==========================================
 EJECUTANDO CTEST CON PRESET: msvc-debug
==========================================
Test project D:/gdrive/numericrepresentations_gamma/build/build_targets/msvc/debug
    Start 3: test_01_math_tables
1/1 Test #3: test_01_math_tables ..............Exit code 0xc0000135***Exception:   0.01 sec

0% tests passed, 1 tests failed out of 1

Total Test time (real) =   0.11 sec

The following tests FAILED:
	  3 - test_01_math_tables (Exit code 0xc0000135)
Errors while running CTest
Output from these tests are in: D:/gdrive/numericrepresentations_gamma/build/build_targets/msvc/debug/Testing/Temporary/LastTest.log
Use "--rerun-failed --output-on-failure" to re-run the failed cases verbosely.
Test project D:/gdrive/numericrepresentations_gamma/build/build_targets/msvc/debug
    Start 4: test_02_append
1/1 Test #4: test_02_append ...................Exit code 0xc0000135***Exception:   0.01 sec

0% tests passed, 1 tests failed out of 1

Total Test time (real) =   0.02 sec

The following tests FAILED:
	  4 - test_02_append (Exit code 0xc0000135)
Errors while running CTest
Output from these tests are in: D:/gdrive/numericrepresentations_gamma/build/build_targets/msvc/debug/Testing/Temporary/LastTest.log
Use "--rerun-failed --output-on-failure" to re-run the failed cases verbosely.
Test project D:/gdrive/numericrepresentations_gamma/build/build_targets/msvc/debug
    Start 5: test_03_core_internal
Could not find executable D:/gdrive/numericrepresentations_gamma/build/build_targets/msvc/debug/test_03_core_internal.exe
Looked in the following places:
D:/gdrive/numericrepresentations_gamma/build/build_targets/msvc/debug/test_03_core_internal.exe
D:/gdrive/numericrepresentations_gamma/build/build_targets/msvc/debug/test_03_core_internal.exe.exe
D:/gdrive/numericrepresentations_gamma/build/build_targets/msvc/debug/Release/test_03_core_internal.exe
D:/gdrive/numericrepresentations_gamma/build/build_targets/msvc/debug/Release/test_03_core_internal.exe.exe
D:/gdrive/numericrepresentations_gamma/build/build_targets/msvc/debug/Debug/test_03_core_internal.exe
D:/gdrive/numericrepresentations_gamma/build/build_targets/msvc/debug/Debug/test_03_core_internal.exe.exe
D:/gdrive/numericrepresentations_gamma/build/build_targets/msvc/debug/MinSizeRel/test_03_core_internal.exe
D:/gdrive/numericrepresentations_gamma/build/build_targets/msvc/debug/MinSizeRel/test_03_core_internal.exe.exe
D:/gdrive/numericrepresentations_gamma/build/build_targets/msvc/debug/RelWithDebInfo/test_03_core_internal.exe
D:/gdrive/numericrepresentations_gamma/build/build_targets/msvc/debug/RelWithDebInfo/test_03_core_internal.exe.exe
D:/gdrive/numericrepresentations_gamma/build/build_targets/msvc/debug/Deployment/test_03_core_internal.exe
D:/gdrive/numericrepresentations_gamma/build/build_targets/msvc/debug/Deployment/test_03_core_internal.exe.exe
D:/gdrive/numericrepresentations_gamma/build/build_targets/msvc/debug/Development/test_03_core_internal.exe
D:/gdrive/numericrepresentations_gamma/build/build_targets/msvc/debug/Development/test_03_core_internal.exe.exe
Unable to find executable: D:/gdrive/numericrepresentations_gamma/build/build_targets/msvc/debug/test_03_core_internal.exe
1/1 Test #5: test_03_core_internal ............***Not Run   0.00 sec

0% tests passed, 1 tests failed out of 1

Total Test time (real) =   0.01 sec

The following tests FAILED:
	  5 - test_03_core_internal (Not Run)
Errors while running CTest
Output from these tests are in: D:/gdrive/numericrepresentations_gamma/build/build_targets/msvc/debug/Testing/Temporary/LastTest.log
Use "--rerun-failed --output-on-failure" to re-run the failed cases verbosely.
Test project D:/gdrive/numericrepresentations_gamma/build/build_targets/msvc/debug
    Start 6: test_04_dig_t
Could not find executable D:/gdrive/numericrepresentations_gamma/build/build_targets/msvc/debug/test_04_dig_t.exe
Looked in the following places:
D:/gdrive/numericrepresentations_gamma/build/build_targets/msvc/debug/test_04_dig_t.exe
D:/gdrive/numericrepresentations_gamma/build/build_targets/msvc/debug/test_04_dig_t.exe.exe
D:/gdrive/numericrepresentations_gamma/build/build_targets/msvc/debug/Release/test_04_dig_t.exe
D:/gdrive/numericrepresentations_gamma/build/build_targets/msvc/debug/Release/test_04_dig_t.exe.exe
D:/gdrive/numericrepresentations_gamma/build/build_targets/msvc/debug/Debug/test_04_dig_t.exe
D:/gdrive/numericrepresentations_gamma/build/build_targets/msvc/debug/Debug/test_04_dig_t.exe.exe
D:/gdrive/numericrepresentations_gamma/build/build_targets/msvc/debug/MinSizeRel/test_04_dig_t.exe
D:/gdrive/numericrepresentations_gamma/build/build_targets/msvc/debug/MinSizeRel/test_04_dig_t.exe.exe
D:/gdrive/numericrepresentations_gamma/build/build_targets/msvc/debug/RelWithDebInfo/test_04_dig_t.exe
D:/gdrive/numericrepresentations_gamma/build/build_targets/msvc/debug/RelWithDebInfo/test_04_dig_t.exe.exe
D:/gdrive/numericrepresentations_gamma/build/build_targets/msvc/debug/Deployment/test_04_dig_t.exe
D:/gdrive/numericrepresentations_gamma/build/build_targets/msvc/debug/Deployment/test_04_dig_t.exe.exe
D:/gdrive/numericrepresentations_gamma/build/build_targets/msvc/debug/Development/test_04_dig_t.exe
D:/gdrive/numericrepresentations_gamma/build/build_targets/msvc/debug/Development/test_04_dig_t.exe.exe
Unable to find executable: D:/gdrive/numericrepresentations_gamma/build/build_targets/msvc/debug/test_04_dig_t.exe
1/1 Test #6: test_04_dig_t ....................***Not Run   0.00 sec

0% tests passed, 1 tests failed out of 1

Total Test time (real) =   0.01 sec

The following tests FAILED:
	  6 - test_04_dig_t (Not Run)
Errors while running CTest
Output from these tests are in: D:/gdrive/numericrepresentations_gamma/build/build_targets/msvc/debug/Testing/Temporary/LastTest.log
Use "--rerun-failed --output-on-failure" to re-run the failed cases verbosely.
Test project D:/gdrive/numericrepresentations_gamma/build/build_targets/msvc/debug
    Start 7: test_05_dig_t_constructors
Could not find executable D:/gdrive/numericrepresentations_gamma/build/build_targets/msvc/debug/test_05_dig_t_constructors.exe
Looked in the following places:
D:/gdrive/numericrepresentations_gamma/build/build_targets/msvc/debug/test_05_dig_t_constructors.exe
D:/gdrive/numericrepresentations_gamma/build/build_targets/msvc/debug/test_05_dig_t_constructors.exe.exe
D:/gdrive/numericrepresentations_gamma/build/build_targets/msvc/debug/Release/test_05_dig_t_constructors.exe
D:/gdrive/numericrepresentations_gamma/build/build_targets/msvc/debug/Release/test_05_dig_t_constructors.exe.exe
D:/gdrive/numericrepresentations_gamma/build/build_targets/msvc/debug/Debug/test_05_dig_t_constructors.exe
D:/gdrive/numericrepresentations_gamma/build/build_targets/msvc/debug/Debug/test_05_dig_t_constructors.exe.exe
D:/gdrive/numericrepresentations_gamma/build/build_targets/msvc/debug/MinSizeRel/test_05_dig_t_constructors.exe
D:/gdrive/numericrepresentations_gamma/build/build_targets/msvc/debug/MinSizeRel/test_05_dig_t_constructors.exe.exe
D:/gdrive/numericrepresentations_gamma/build/build_targets/msvc/debug/RelWithDebInfo/test_05_dig_t_constructors.exe
D:/gdrive/numericrepresentations_gamma/build/build_targets/msvc/debug/RelWithDebInfo/test_05_dig_t_constructors.exe.exe
D:/gdrive/numericrepresentations_gamma/build/build_targets/msvc/debug/Deployment/test_05_dig_t_constructors.exe
D:/gdrive/numericrepresentations_gamma/build/build_targets/msvc/debug/Deployment/test_05_dig_t_constructors.exe.exe
D:/gdrive/numericrepresentations_gamma/build/build_targets/msvc/debug/Development/test_05_dig_t_constructors.exe
D:/gdrive/numericrepresentations_gamma/build/build_targets/msvc/debug/Development/test_05_dig_t_constructors.exe.exe
Unable to find executable: D:/gdrive/numericrepresentations_gamma/build/build_targets/msvc/debug/test_05_dig_t_constructors.exe
1/1 Test #7: test_05_dig_t_constructors .......***Not Run   0.00 sec

0% tests passed, 1 tests failed out of 1

Total Test time (real) =   0.01 sec

The following tests FAILED:
	  7 - test_05_dig_t_constructors (Not Run)
Errors while running CTest
Output from these tests are in: D:/gdrive/numericrepresentations_gamma/build/build_targets/msvc/debug/Testing/Temporary/LastTest.log
Use "--rerun-failed --output-on-failure" to re-run the failed cases verbosely.
Test project D:/gdrive/numericrepresentations_gamma/build/build_targets/msvc/debug
    Start 8: test_06_dig_t_assignations
Could not find executable D:/gdrive/numericrepresentations_gamma/build/build_targets/msvc/debug/test_06_dig_t_assignations.exe
Looked in the following places:
D:/gdrive/numericrepresentations_gamma/build/build_targets/msvc/debug/test_06_dig_t_assignations.exe
D:/gdrive/numericrepresentations_gamma/build/build_targets/msvc/debug/test_06_dig_t_assignations.exe.exe
D:/gdrive/numericrepresentations_gamma/build/build_targets/msvc/debug/Release/test_06_dig_t_assignations.exe
D:/gdrive/numericrepresentations_gamma/build/build_targets/msvc/debug/Release/test_06_dig_t_assignations.exe.exe
D:/gdrive/numericrepresentations_gamma/build/build_targets/msvc/debug/Debug/test_06_dig_t_assignations.exe
D:/gdrive/numericrepresentations_gamma/build/build_targets/msvc/debug/Debug/test_06_dig_t_assignations.exe.exe
D:/gdrive/numericrepresentations_gamma/build/build_targets/msvc/debug/MinSizeRel/test_06_dig_t_assignations.exe
D:/gdrive/numericrepresentations_gamma/build/build_targets/msvc/debug/MinSizeRel/test_06_dig_t_assignations.exe.exe
D:/gdrive/numericrepresentations_gamma/build/build_targets/msvc/debug/RelWithDebInfo/test_06_dig_t_assignations.exe
D:/gdrive/numericrepresentations_gamma/build/build_targets/msvc/debug/RelWithDebInfo/test_06_dig_t_assignations.exe.exe
D:/gdrive/numericrepresentations_gamma/build/build_targets/msvc/debug/Deployment/test_06_dig_t_assignations.exe
D:/gdrive/numericrepresentations_gamma/build/build_targets/msvc/debug/Deployment/test_06_dig_t_assignations.exe.exe
D:/gdrive/numericrepresentations_gamma/build/build_targets/msvc/debug/Development/test_06_dig_t_assignations.exe
D:/gdrive/numericrepresentations_gamma/build/build_targets/msvc/debug/Development/test_06_dig_t_assignations.exe.exe
Unable to find executable: D:/gdrive/numericrepresentations_gamma/build/build_targets/msvc/debug/test_06_dig_t_assignations.exe
1/1 Test #8: test_06_dig_t_assignations .......***Not Run   0.00 sec

0% tests passed, 1 tests failed out of 1

Total Test time (real) =   0.01 sec

The following tests FAILED:
	  8 - test_06_dig_t_assignations (Not Run)
Errors while running CTest
Output from these tests are in: D:/gdrive/numericrepresentations_gamma/build/build_targets/msvc/debug/Testing/Temporary/LastTest.log
Use "--rerun-failed --output-on-failure" to re-run the failed cases verbosely.
Test project D:/gdrive/numericrepresentations_gamma/build/build_targets/msvc/debug
    Start 9: test_07_dig_t_conversions
Could not find executable D:/gdrive/numericrepresentations_gamma/build/build_targets/msvc/debug/test_07_dig_t_conversions.exe
Looked in the following places:
D:/gdrive/numericrepresentations_gamma/build/build_targets/msvc/debug/test_07_dig_t_conversions.exe
D:/gdrive/numericrepresentations_gamma/build/build_targets/msvc/debug/test_07_dig_t_conversions.exe.exe
D:/gdrive/numericrepresentations_gamma/build/build_targets/msvc/debug/Release/test_07_dig_t_conversions.exe
D:/gdrive/numericrepresentations_gamma/build/build_targets/msvc/debug/Release/test_07_dig_t_conversions.exe.exe
D:/gdrive/numericrepresentations_gamma/build/build_targets/msvc/debug/Debug/test_07_dig_t_conversions.exe
D:/gdrive/numericrepresentations_gamma/build/build_targets/msvc/debug/Debug/test_07_dig_t_conversions.exe.exe
D:/gdrive/numericrepresentations_gamma/build/build_targets/msvc/debug/MinSizeRel/test_07_dig_t_conversions.exe
D:/gdrive/numericrepresentations_gamma/build/build_targets/msvc/debug/MinSizeRel/test_07_dig_t_conversions.exe.exe
D:/gdrive/numericrepresentations_gamma/build/build_targets/msvc/debug/RelWithDebInfo/test_07_dig_t_conversions.exe
D:/gdrive/numericrepresentations_gamma/build/build_targets/msvc/debug/RelWithDebInfo/test_07_dig_t_conversions.exe.exe
D:/gdrive/numericrepresentations_gamma/build/build_targets/msvc/debug/Deployment/test_07_dig_t_conversions.exe
D:/gdrive/numericrepresentations_gamma/build/build_targets/msvc/debug/Deployment/test_07_dig_t_conversions.exe.exe
D:/gdrive/numericrepresentations_gamma/build/build_targets/msvc/debug/Development/test_07_dig_t_conversions.exe
D:/gdrive/numericrepresentations_gamma/build/build_targets/msvc/debug/Development/test_07_dig_t_conversions.exe.exe
Unable to find executable: D:/gdrive/numericrepresentations_gamma/build/build_targets/msvc/debug/test_07_dig_t_conversions.exe
1/1 Test #9: test_07_dig_t_conversions ........***Not Run   0.00 sec

0% tests passed, 1 tests failed out of 1

Total Test time (real) =   0.01 sec

The following tests FAILED:
	  9 - test_07_dig_t_conversions (Not Run)
Errors while running CTest
Output from these tests are in: D:/gdrive/numericrepresentations_gamma/build/build_targets/msvc/debug/Testing/Temporary/LastTest.log
Use "--rerun-failed --output-on-failure" to re-run the failed cases verbosely.
Test project D:/gdrive/numericrepresentations_gamma/build/build_targets/msvc/debug
    Start 10: test_08_dig_t_operadores
Could not find executable D:/gdrive/numericrepresentations_gamma/build/build_targets/msvc/debug/test_08_dig_t_operadores.exe
Looked in the following places:
D:/gdrive/numericrepresentations_gamma/build/build_targets/msvc/debug/test_08_dig_t_operadores.exe
D:/gdrive/numericrepresentations_gamma/build/build_targets/msvc/debug/test_08_dig_t_operadores.exe.exe
D:/gdrive/numericrepresentations_gamma/build/build_targets/msvc/debug/Release/test_08_dig_t_operadores.exe
D:/gdrive/numericrepresentations_gamma/build/build_targets/msvc/debug/Release/test_08_dig_t_operadores.exe.exe
D:/gdrive/numericrepresentations_gamma/build/build_targets/msvc/debug/Debug/test_08_dig_t_operadores.exe
D:/gdrive/numericrepresentations_gamma/build/build_targets/msvc/debug/Debug/test_08_dig_t_operadores.exe.exe
D:/gdrive/numericrepresentations_gamma/build/build_targets/msvc/debug/MinSizeRel/test_08_dig_t_operadores.exe
D:/gdrive/numericrepresentations_gamma/build/build_targets/msvc/debug/MinSizeRel/test_08_dig_t_operadores.exe.exe
D:/gdrive/numericrepresentations_gamma/build/build_targets/msvc/debug/RelWithDebInfo/test_08_dig_t_operadores.exe
D:/gdrive/numericrepresentations_gamma/build/build_targets/msvc/debug/RelWithDebInfo/test_08_dig_t_operadores.exe.exe
D:/gdrive/numericrepresentations_gamma/build/build_targets/msvc/debug/Deployment/test_08_dig_t_operadores.exe
D:/gdrive/numericrepresentations_gamma/build/build_targets/msvc/debug/Deployment/test_08_dig_t_operadores.exe.exe
D:/gdrive/numericrepresentations_gamma/build/build_targets/msvc/debug/Development/test_08_dig_t_operadores.exe
D:/gdrive/numericrepresentations_gamma/build/build_targets/msvc/debug/Development/test_08_dig_t_operadores.exe.exe
Unable to find executable: D:/gdrive/numericrepresentations_gamma/build/build_targets/msvc/debug/test_08_dig_t_operadores.exe
1/1 Test #10: test_08_dig_t_operadores .........***Not Run   0.00 sec

0% tests passed, 1 tests failed out of 1

Total Test time (real) =   0.01 sec

The following tests FAILED:
	 10 - test_08_dig_t_operadores (Not Run)
Errors while running CTest
Output from these tests are in: D:/gdrive/numericrepresentations_gamma/build/build_targets/msvc/debug/Testing/Temporary/LastTest.log
Use "--rerun-failed --output-on-failure" to re-run the failed cases verbosely.
Test project D:/gdrive/numericrepresentations_gamma/build/build_targets/msvc/debug
    Start 11: test_09_dig_t_algebra
Could not find executable D:/gdrive/numericrepresentations_gamma/build/build_targets/msvc/debug/test_09_dig_t_algebra.exe
Looked in the following places:
D:/gdrive/numericrepresentations_gamma/build/build_targets/msvc/debug/test_09_dig_t_algebra.exe
D:/gdrive/numericrepresentations_gamma/build/build_targets/msvc/debug/test_09_dig_t_algebra.exe.exe
D:/gdrive/numericrepresentations_gamma/build/build_targets/msvc/debug/Release/test_09_dig_t_algebra.exe
D:/gdrive/numericrepresentations_gamma/build/build_targets/msvc/debug/Release/test_09_dig_t_algebra.exe.exe
D:/gdrive/numericrepresentations_gamma/build/build_targets/msvc/debug/Debug/test_09_dig_t_algebra.exe
D:/gdrive/numericrepresentations_gamma/build/build_targets/msvc/debug/Debug/test_09_dig_t_algebra.exe.exe
D:/gdrive/numericrepresentations_gamma/build/build_targets/msvc/debug/MinSizeRel/test_09_dig_t_algebra.exe
D:/gdrive/numericrepresentations_gamma/build/build_targets/msvc/debug/MinSizeRel/test_09_dig_t_algebra.exe.exe
D:/gdrive/numericrepresentations_gamma/build/build_targets/msvc/debug/RelWithDebInfo/test_09_dig_t_algebra.exe
D:/gdrive/numericrepresentations_gamma/build/build_targets/msvc/debug/RelWithDebInfo/test_09_dig_t_algebra.exe.exe
D:/gdrive/numericrepresentations_gamma/build/build_targets/msvc/debug/Deployment/test_09_dig_t_algebra.exe
D:/gdrive/numericrepresentations_gamma/build/build_targets/msvc/debug/Deployment/test_09_dig_t_algebra.exe.exe
D:/gdrive/numericrepresentations_gamma/build/build_targets/msvc/debug/Development/test_09_dig_t_algebra.exe
D:/gdrive/numericrepresentations_gamma/build/build_targets/msvc/debug/Development/test_09_dig_t_algebra.exe.exe
Unable to find executable: D:/gdrive/numericrepresentations_gamma/build/build_targets/msvc/debug/test_09_dig_t_algebra.exe
1/1 Test #11: test_09_dig_t_algebra ............***Not Run   0.00 sec

0% tests passed, 1 tests failed out of 1

Total Test time (real) =   0.01 sec

The following tests FAILED:
	 11 - test_09_dig_t_algebra (Not Run)
Errors while running CTest
Output from these tests are in: D:/gdrive/numericrepresentations_gamma/build/build_targets/msvc/debug/Testing/Temporary/LastTest.log
Use "--rerun-failed --output-on-failure" to re-run the failed cases verbosely.
Test project D:/gdrive/numericrepresentations_gamma/build/build_targets/msvc/debug
    Start 12: test_10_dig_t_io
Could not find executable D:/gdrive/numericrepresentations_gamma/build/build_targets/msvc/debug/test_10_dig_t_io.exe
Looked in the following places:
D:/gdrive/numericrepresentations_gamma/build/build_targets/msvc/debug/test_10_dig_t_io.exe
D:/gdrive/numericrepresentations_gamma/build/build_targets/msvc/debug/test_10_dig_t_io.exe.exe
D:/gdrive/numericrepresentations_gamma/build/build_targets/msvc/debug/Release/test_10_dig_t_io.exe
D:/gdrive/numericrepresentations_gamma/build/build_targets/msvc/debug/Release/test_10_dig_t_io.exe.exe
D:/gdrive/numericrepresentations_gamma/build/build_targets/msvc/debug/Debug/test_10_dig_t_io.exe
D:/gdrive/numericrepresentations_gamma/build/build_targets/msvc/debug/Debug/test_10_dig_t_io.exe.exe
D:/gdrive/numericrepresentations_gamma/build/build_targets/msvc/debug/MinSizeRel/test_10_dig_t_io.exe
D:/gdrive/numericrepresentations_gamma/build/build_targets/msvc/debug/MinSizeRel/test_10_dig_t_io.exe.exe
D:/gdrive/numericrepresentations_gamma/build/build_targets/msvc/debug/RelWithDebInfo/test_10_dig_t_io.exe
D:/gdrive/numericrepresentations_gamma/build/build_targets/msvc/debug/RelWithDebInfo/test_10_dig_t_io.exe.exe
D:/gdrive/numericrepresentations_gamma/build/build_targets/msvc/debug/Deployment/test_10_dig_t_io.exe
D:/gdrive/numericrepresentations_gamma/build/build_targets/msvc/debug/Deployment/test_10_dig_t_io.exe.exe
D:/gdrive/numericrepresentations_gamma/build/build_targets/msvc/debug/Development/test_10_dig_t_io.exe
D:/gdrive/numericrepresentations_gamma/build/build_targets/msvc/debug/Development/test_10_dig_t_io.exe.exe
Unable to find executable: D:/gdrive/numericrepresentations_gamma/build/build_targets/msvc/debug/test_10_dig_t_io.exe
1/1 Test #12: test_10_dig_t_io .................***Not Run   0.00 sec

0% tests passed, 1 tests failed out of 1

Total Test time (real) =   0.01 sec

The following tests FAILED:
	 12 - test_10_dig_t_io (Not Run)
Errors while running CTest
Output from these tests are in: D:/gdrive/numericrepresentations_gamma/build/build_targets/msvc/debug/Testing/Temporary/LastTest.log
Use "--rerun-failed --output-on-failure" to re-run the failed cases verbosely.
Test project D:/gdrive/numericrepresentations_gamma/build/build_targets/msvc/debug
    Start 13: test_11_basic_types
Could not find executable D:/gdrive/numericrepresentations_gamma/build/build_targets/msvc/debug/test_11_basic_types.exe
Looked in the following places:
D:/gdrive/numericrepresentations_gamma/build/build_targets/msvc/debug/test_11_basic_types.exe
D:/gdrive/numericrepresentations_gamma/build/build_targets/msvc/debug/test_11_basic_types.exe.exe
D:/gdrive/numericrepresentations_gamma/build/build_targets/msvc/debug/Release/test_11_basic_types.exe
D:/gdrive/numericrepresentations_gamma/build/build_targets/msvc/debug/Release/test_11_basic_types.exe.exe
D:/gdrive/numericrepresentations_gamma/build/build_targets/msvc/debug/Debug/test_11_basic_types.exe
D:/gdrive/numericrepresentations_gamma/build/build_targets/msvc/debug/Debug/test_11_basic_types.exe.exe
D:/gdrive/numericrepresentations_gamma/build/build_targets/msvc/debug/MinSizeRel/test_11_basic_types.exe
D:/gdrive/numericrepresentations_gamma/build/build_targets/msvc/debug/MinSizeRel/test_11_basic_types.exe.exe
D:/gdrive/numericrepresentations_gamma/build/build_targets/msvc/debug/RelWithDebInfo/test_11_basic_types.exe
D:/gdrive/numericrepresentations_gamma/build/build_targets/msvc/debug/RelWithDebInfo/test_11_basic_types.exe.exe
D:/gdrive/numericrepresentations_gamma/build/build_targets/msvc/debug/Deployment/test_11_basic_types.exe
D:/gdrive/numericrepresentations_gamma/build/build_targets/msvc/debug/Deployment/test_11_basic_types.exe.exe
D:/gdrive/numericrepresentations_gamma/build/build_targets/msvc/debug/Development/test_11_basic_types.exe
D:/gdrive/numericrepresentations_gamma/build/build_targets/msvc/debug/Development/test_11_basic_types.exe.exe
Unable to find executable: D:/gdrive/numericrepresentations_gamma/build/build_targets/msvc/debug/test_11_basic_types.exe
1/1 Test #13: test_11_basic_types ..............***Not Run   0.00 sec

0% tests passed, 1 tests failed out of 1

Total Test time (real) =   0.01 sec

The following tests FAILED:
	 13 - test_11_basic_types (Not Run)
Errors while running CTest
Output from these tests are in: D:/gdrive/numericrepresentations_gamma/build/build_targets/msvc/debug/Testing/Temporary/LastTest.log
Use "--rerun-failed --output-on-failure" to re-run the failed cases verbosely.
Test project D:/gdrive/numericrepresentations_gamma/build/build_targets/msvc/debug
    Start 14: test_12_Int_ExpLog
Could not find executable D:/gdrive/numericrepresentations_gamma/build/build_targets/msvc/debug/test_12_Int_ExpLog.exe
Looked in the following places:
D:/gdrive/numericrepresentations_gamma/build/build_targets/msvc/debug/test_12_Int_ExpLog.exe
D:/gdrive/numericrepresentations_gamma/build/build_targets/msvc/debug/test_12_Int_ExpLog.exe.exe
D:/gdrive/numericrepresentations_gamma/build/build_targets/msvc/debug/Release/test_12_Int_ExpLog.exe
D:/gdrive/numericrepresentations_gamma/build/build_targets/msvc/debug/Release/test_12_Int_ExpLog.exe.exe
D:/gdrive/numericrepresentations_gamma/build/build_targets/msvc/debug/Debug/test_12_Int_ExpLog.exe
D:/gdrive/numericrepresentations_gamma/build/build_targets/msvc/debug/Debug/test_12_Int_ExpLog.exe.exe
D:/gdrive/numericrepresentations_gamma/build/build_targets/msvc/debug/MinSizeRel/test_12_Int_ExpLog.exe
D:/gdrive/numericrepresentations_gamma/build/build_targets/msvc/debug/MinSizeRel/test_12_Int_ExpLog.exe.exe
D:/gdrive/numericrepresentations_gamma/build/build_targets/msvc/debug/RelWithDebInfo/test_12_Int_ExpLog.exe
D:/gdrive/numericrepresentations_gamma/build/build_targets/msvc/debug/RelWithDebInfo/test_12_Int_ExpLog.exe.exe
D:/gdrive/numericrepresentations_gamma/build/build_targets/msvc/debug/Deployment/test_12_Int_ExpLog.exe
D:/gdrive/numericrepresentations_gamma/build/build_targets/msvc/debug/Deployment/test_12_Int_ExpLog.exe.exe
D:/gdrive/numericrepresentations_gamma/build/build_targets/msvc/debug/Development/test_12_Int_ExpLog.exe
D:/gdrive/numericrepresentations_gamma/build/build_targets/msvc/debug/Development/test_12_Int_ExpLog.exe.exe
Unable to find executable: D:/gdrive/numericrepresentations_gamma/build/build_targets/msvc/debug/test_12_Int_ExpLog.exe
1/1 Test #14: test_12_Int_ExpLog ...............***Not Run   0.00 sec

0% tests passed, 1 tests failed out of 1

Total Test time (real) =   0.01 sec

The following tests FAILED:
	 14 - test_12_Int_ExpLog (Not Run)
Errors while running CTest
Output from these tests are in: D:/gdrive/numericrepresentations_gamma/build/build_targets/msvc/debug/Testing/Temporary/LastTest.log
Use "--rerun-failed --output-on-failure" to re-run the failed cases verbosely.
Test project D:/gdrive/numericrepresentations_gamma/build/build_targets/msvc/debug
    Start 15: test_13_IntRoot
Could not find executable D:/gdrive/numericrepresentations_gamma/build/build_targets/msvc/debug/test_13_IntRoot.exe
Looked in the following places:
D:/gdrive/numericrepresentations_gamma/build/build_targets/msvc/debug/test_13_IntRoot.exe
D:/gdrive/numericrepresentations_gamma/build/build_targets/msvc/debug/test_13_IntRoot.exe.exe
D:/gdrive/numericrepresentations_gamma/build/build_targets/msvc/debug/Release/test_13_IntRoot.exe
D:/gdrive/numericrepresentations_gamma/build/build_targets/msvc/debug/Release/test_13_IntRoot.exe.exe
D:/gdrive/numericrepresentations_gamma/build/build_targets/msvc/debug/Debug/test_13_IntRoot.exe
D:/gdrive/numericrepresentations_gamma/build/build_targets/msvc/debug/Debug/test_13_IntRoot.exe.exe
D:/gdrive/numericrepresentations_gamma/build/build_targets/msvc/debug/MinSizeRel/test_13_IntRoot.exe
D:/gdrive/numericrepresentations_gamma/build/build_targets/msvc/debug/MinSizeRel/test_13_IntRoot.exe.exe
D:/gdrive/numericrepresentations_gamma/build/build_targets/msvc/debug/RelWithDebInfo/test_13_IntRoot.exe
D:/gdrive/numericrepresentations_gamma/build/build_targets/msvc/debug/RelWithDebInfo/test_13_IntRoot.exe.exe
D:/gdrive/numericrepresentations_gamma/build/build_targets/msvc/debug/Deployment/test_13_IntRoot.exe
D:/gdrive/numericrepresentations_gamma/build/build_targets/msvc/debug/Deployment/test_13_IntRoot.exe.exe
D:/gdrive/numericrepresentations_gamma/build/build_targets/msvc/debug/Development/test_13_IntRoot.exe
D:/gdrive/numericrepresentations_gamma/build/build_targets/msvc/debug/Development/test_13_IntRoot.exe.exe
Unable to find executable: D:/gdrive/numericrepresentations_gamma/build/build_targets/msvc/debug/test_13_IntRoot.exe
1/1 Test #15: test_13_IntRoot ..................***Not Run   0.00 sec

0% tests passed, 1 tests failed out of 1

Total Test time (real) =   0.01 sec

The following tests FAILED:
	 15 - test_13_IntRoot (Not Run)
Errors while running CTest
Output from these tests are in: D:/gdrive/numericrepresentations_gamma/build/build_targets/msvc/debug/Testing/Temporary/LastTest.log
Use "--rerun-failed --output-on-failure" to re-run the failed cases verbosely.
Test project D:/gdrive/numericrepresentations_gamma/build/build_targets/msvc/debug
    Start 16: test_14_primes
Could not find executable D:/gdrive/numericrepresentations_gamma/build/build_targets/msvc/debug/test_14_primes.exe
Looked in the following places:
D:/gdrive/numericrepresentations_gamma/build/build_targets/msvc/debug/test_14_primes.exe
D:/gdrive/numericrepresentations_gamma/build/build_targets/msvc/debug/test_14_primes.exe.exe
D:/gdrive/numericrepresentations_gamma/build/build_targets/msvc/debug/Release/test_14_primes.exe
D:/gdrive/numericrepresentations_gamma/build/build_targets/msvc/debug/Release/test_14_primes.exe.exe
D:/gdrive/numericrepresentations_gamma/build/build_targets/msvc/debug/Debug/test_14_primes.exe
D:/gdrive/numericrepresentations_gamma/build/build_targets/msvc/debug/Debug/test_14_primes.exe.exe
D:/gdrive/numericrepresentations_gamma/build/build_targets/msvc/debug/MinSizeRel/test_14_primes.exe
D:/gdrive/numericrepresentations_gamma/build/build_targets/msvc/debug/MinSizeRel/test_14_primes.exe.exe
D:/gdrive/numericrepresentations_gamma/build/build_targets/msvc/debug/RelWithDebInfo/test_14_primes.exe
D:/gdrive/numericrepresentations_gamma/build/build_targets/msvc/debug/RelWithDebInfo/test_14_primes.exe.exe
D:/gdrive/numericrepresentations_gamma/build/build_targets/msvc/debug/Deployment/test_14_primes.exe
D:/gdrive/numericrepresentations_gamma/build/build_targets/msvc/debug/Deployment/test_14_primes.exe.exe
D:/gdrive/numericrepresentations_gamma/build/build_targets/msvc/debug/Development/test_14_primes.exe
D:/gdrive/numericrepresentations_gamma/build/build_targets/msvc/debug/Development/test_14_primes.exe.exe
Unable to find executable: D:/gdrive/numericrepresentations_gamma/build/build_targets/msvc/debug/test_14_primes.exe
1/1 Test #16: test_14_primes ...................***Not Run   0.00 sec

0% tests passed, 1 tests failed out of 1

Total Test time (real) =   0.01 sec

The following tests FAILED:
	 16 - test_14_primes (Not Run)
Errors while running CTest
Output from these tests are in: D:/gdrive/numericrepresentations_gamma/build/build_targets/msvc/debug/Testing/Temporary/LastTest.log
Use "--rerun-failed --output-on-failure" to re-run the failed cases verbosely.
Test project D:/gdrive/numericrepresentations_gamma/build/build_targets/msvc/debug
    Start 17: test_15_conversions
Could not find executable D:/gdrive/numericrepresentations_gamma/build/build_targets/msvc/debug/test_15_conversions.exe
Looked in the following places:
D:/gdrive/numericrepresentations_gamma/build/build_targets/msvc/debug/test_15_conversions.exe
D:/gdrive/numericrepresentations_gamma/build/build_targets/msvc/debug/test_15_conversions.exe.exe
D:/gdrive/numericrepresentations_gamma/build/build_targets/msvc/debug/Release/test_15_conversions.exe
D:/gdrive/numericrepresentations_gamma/build/build_targets/msvc/debug/Release/test_15_conversions.exe.exe
D:/gdrive/numericrepresentations_gamma/build/build_targets/msvc/debug/Debug/test_15_conversions.exe
D:/gdrive/numericrepresentations_gamma/build/build_targets/msvc/debug/Debug/test_15_conversions.exe.exe
D:/gdrive/numericrepresentations_gamma/build/build_targets/msvc/debug/MinSizeRel/test_15_conversions.exe
D:/gdrive/numericrepresentations_gamma/build/build_targets/msvc/debug/MinSizeRel/test_15_conversions.exe.exe
D:/gdrive/numericrepresentations_gamma/build/build_targets/msvc/debug/RelWithDebInfo/test_15_conversions.exe
D:/gdrive/numericrepresentations_gamma/build/build_targets/msvc/debug/RelWithDebInfo/test_15_conversions.exe.exe
D:/gdrive/numericrepresentations_gamma/build/build_targets/msvc/debug/Deployment/test_15_conversions.exe
D:/gdrive/numericrepresentations_gamma/build/build_targets/msvc/debug/Deployment/test_15_conversions.exe.exe
D:/gdrive/numericrepresentations_gamma/build/build_targets/msvc/debug/Development/test_15_conversions.exe
D:/gdrive/numericrepresentations_gamma/build/build_targets/msvc/debug/Development/test_15_conversions.exe.exe
Unable to find executable: D:/gdrive/numericrepresentations_gamma/build/build_targets/msvc/debug/test_15_conversions.exe
1/1 Test #17: test_15_conversions ..............***Not Run   0.00 sec

0% tests passed, 1 tests failed out of 1

Total Test time (real) =   0.01 sec

The following tests FAILED:
	 17 - test_15_conversions (Not Run)
Errors while running CTest
Output from these tests are in: D:/gdrive/numericrepresentations_gamma/build/build_targets/msvc/debug/Testing/Temporary/LastTest.log
Use "--rerun-failed --output-on-failure" to re-run the failed cases verbosely.
